<?xml version="1.0" encoding="UTF-8"?>
<testng-results ignored="0" total="13" passed="10" failed="3" skipped="0">
  <reporter-output>
  </reporter-output>
  <suite started-at="2023-09-03T01:25:17 EEST" name="Suite" finished-at="2023-09-03T01:30:02 EEST" duration-ms="285152">
    <groups>
    </groups>
    <test started-at="2023-09-03T01:25:17 EEST" name="Test" finished-at="2023-09-03T01:30:02 EEST" duration-ms="285152">
      <class name="tests.TC01_LogInCorrectUsernameCorrectPasswordOK">
        <test-method is-config="true" signature="setUpTest(java.lang.String)[pri:0, instance:tests.TC01_LogInCorrectUsernameCorrectPasswordOK@563f38c4]" started-at="2023-09-03T01:25:17 EEST" name="setUpTest" finished-at="2023-09-03T01:25:19 EEST" duration-ms="2893" status="PASS">
          <params>
            <param index="0">
              <value>
                <![CDATA[Chrome]]>
              </value>
            </param>
          </params>
          <reporter-output>
          </reporter-output>
        </test-method> <!-- setUpTest -->
        <test-method signature="tC01LogInCorrectUsernameCorrectPasswordOK(java.lang.String,java.lang.String)[pri:0, instance:tests.TC01_LogInCorrectUsernameCorrectPasswordOK@563f38c4]" started-at="2023-09-03T01:25:32 EEST" name="tC01LogInCorrectUsernameCorrectPasswordOK" finished-at="2023-09-03T01:25:55 EEST" duration-ms="23151" status="PASS">
          <params>
            <param index="0">
              <value>
                <![CDATA[it144353]]>
              </value>
            </param>
            <param index="1">
              <value>
                <![CDATA[Xx_17051996Xx]]>
              </value>
            </param>
          </params>
          <reporter-output>
          </reporter-output>
        </test-method> <!-- tC01LogInCorrectUsernameCorrectPasswordOK -->
        <test-method is-config="true" signature="tearDownTest()[pri:0, instance:tests.TC01_LogInCorrectUsernameCorrectPasswordOK@563f38c4]" started-at="2023-09-03T01:29:57 EEST" name="tearDownTest" finished-at="2023-09-03T01:29:58 EEST" duration-ms="611" status="PASS">
          <reporter-output>
          </reporter-output>
        </test-method> <!-- tearDownTest -->
      </class> <!-- tests.TC01_LogInCorrectUsernameCorrectPasswordOK -->
      <class name="tests.TC09_HamburgerMenuItemsWhenColapsedOK">
        <test-method is-config="true" signature="setUpTest(java.lang.String)[pri:0, instance:tests.TC09_HamburgerMenuItemsWhenColapsedOK@19e4653c]" started-at="2023-09-03T01:25:27 EEST" name="setUpTest" finished-at="2023-09-03T01:25:27 EEST" duration-ms="977" status="PASS">
          <params>
            <param index="0">
              <value>
                <![CDATA[Chrome]]>
              </value>
            </param>
          </params>
          <reporter-output>
          </reporter-output>
        </test-method> <!-- setUpTest -->
        <test-method signature="tC09_HamburgerMenuItemsWhenColapsedOK(java.lang.String,java.lang.String)[pri:0, instance:tests.TC09_HamburgerMenuItemsWhenColapsedOK@19e4653c]" started-at="2023-09-03T01:29:08 EEST" name="tC09_HamburgerMenuItemsWhenColapsedOK" finished-at="2023-09-03T01:29:18 EEST" duration-ms="10167" status="FAIL">
          <params>
            <param index="0">
              <value>
                <![CDATA[it144353]]>
              </value>
            </param>
            <param index="1">
              <value>
                <![CDATA[Xx_17051996Xx]]>
              </value>
            </param>
          </params>
          <exception class="java.lang.IllegalArgumentException">
            <message>
              <![CDATA[Argument is of an illegal type: org.openqa.selenium.By$ByCssSelector]]>
            </message>
            <full-stacktrace>
              <![CDATA[java.lang.IllegalArgumentException: Argument is of an illegal type: org.openqa.selenium.By$ByCssSelector
at org.openqa.selenium.remote.internal.WebElementToJsonConverter.apply(WebElementToJsonConverter.java:82)
at java.base/java.util.stream.ReferencePipeline$3$1.accept(ReferencePipeline.java:197)
at java.base/java.util.Spliterators$ArraySpliterator.forEachRemaining(Spliterators.java:948)
at java.base/java.util.stream.AbstractPipeline.copyInto(AbstractPipeline.java:484)
at java.base/java.util.stream.AbstractPipeline.wrapAndCopyInto(AbstractPipeline.java:474)
at java.base/java.util.stream.ReduceOps$ReduceOp.evaluateSequential(ReduceOps.java:913)
at java.base/java.util.stream.AbstractPipeline.evaluate(AbstractPipeline.java:234)
at java.base/java.util.stream.ReferencePipeline.collect(ReferencePipeline.java:682)
at org.openqa.selenium.remote.RemoteWebDriver.executeScript(RemoteWebDriver.java:461)
at tests.TC09_HamburgerMenuItemsWhenColapsedOK.tC09_HamburgerMenuItemsWhenColapsedOK(TC09_HamburgerMenuItemsWhenColapsedOK.java:135)
at java.base/jdk.internal.reflect.NativeMethodAccessorImpl.invoke0(Native Method)
at java.base/jdk.internal.reflect.NativeMethodAccessorImpl.invoke(NativeMethodAccessorImpl.java:78)
at java.base/jdk.internal.reflect.DelegatingMethodAccessorImpl.invoke(DelegatingMethodAccessorImpl.java:43)
at java.base/java.lang.reflect.Method.invoke(Method.java:567)
at org.testng.internal.invokers.MethodInvocationHelper.invokeMethod(MethodInvocationHelper.java:139)
at org.testng.internal.invokers.TestInvoker.invokeMethod(TestInvoker.java:677)
at org.testng.internal.invokers.TestInvoker.invokeTestMethod(TestInvoker.java:221)
at org.testng.internal.invokers.MethodRunner.runInSequence(MethodRunner.java:50)
at org.testng.internal.invokers.TestInvoker$MethodInvocationAgent.invoke(TestInvoker.java:969)
at org.testng.internal.invokers.TestInvoker.invokeTestMethods(TestInvoker.java:194)
at org.testng.internal.invokers.TestMethodWorker.invokeTestMethods(TestMethodWorker.java:148)
at org.testng.internal.invokers.TestMethodWorker.run(TestMethodWorker.java:128)
at java.base/java.util.ArrayList.forEach(ArrayList.java:1511)
at org.testng.TestRunner.privateRun(TestRunner.java:829)
at org.testng.TestRunner.run(TestRunner.java:602)
at org.testng.SuiteRunner.runTest(SuiteRunner.java:437)
at org.testng.SuiteRunner.runSequentially(SuiteRunner.java:431)
at org.testng.SuiteRunner.privateRun(SuiteRunner.java:391)
at org.testng.SuiteRunner.run(SuiteRunner.java:330)
at org.testng.SuiteRunnerWorker.runSuite(SuiteRunnerWorker.java:52)
at org.testng.SuiteRunnerWorker.run(SuiteRunnerWorker.java:95)
at org.testng.TestNG.runSuitesSequentially(TestNG.java:1256)
at org.testng.TestNG.runSuitesLocally(TestNG.java:1176)
at org.testng.TestNG.runSuites(TestNG.java:1099)
at org.testng.TestNG.run(TestNG.java:1067)
at org.testng.remote.AbstractRemoteTestNG.run(AbstractRemoteTestNG.java:115)
at org.testng.remote.RemoteTestNG.initAndRun(RemoteTestNG.java:251)
at org.testng.remote.RemoteTestNG.main(RemoteTestNG.java:77)
]]>
            </full-stacktrace>
          </exception> <!-- java.lang.IllegalArgumentException -->
          <reporter-output>
          </reporter-output>
        </test-method> <!-- tC09_HamburgerMenuItemsWhenColapsedOK -->
        <test-method is-config="true" signature="tearDownTest()[pri:0, instance:tests.TC09_HamburgerMenuItemsWhenColapsedOK@19e4653c]" started-at="2023-09-03T01:30:00 EEST" name="tearDownTest" finished-at="2023-09-03T01:30:01 EEST" duration-ms="288" status="PASS">
          <reporter-output>
          </reporter-output>
        </test-method> <!-- tearDownTest -->
      </class> <!-- tests.TC09_HamburgerMenuItemsWhenColapsedOK -->
      <class name="tests.TC06_InternshipOK">
        <test-method is-config="true" signature="setUpTest(java.lang.String)[pri:0, instance:tests.TC06_InternshipOK@74e28667]" started-at="2023-09-03T01:25:24 EEST" name="setUpTest" finished-at="2023-09-03T01:25:25 EEST" duration-ms="1058" status="PASS">
          <params>
            <param index="0">
              <value>
                <![CDATA[Chrome]]>
              </value>
            </param>
          </params>
          <reporter-output>
          </reporter-output>
        </test-method> <!-- setUpTest -->
        <test-method signature="tC06_InternshipOK(java.lang.String,java.lang.String)[pri:0, instance:tests.TC06_InternshipOK@74e28667]" started-at="2023-09-03T01:27:58 EEST" name="tC06_InternshipOK" finished-at="2023-09-03T01:28:11 EEST" duration-ms="13610" status="PASS">
          <params>
            <param index="0">
              <value>
                <![CDATA[it144353]]>
              </value>
            </param>
            <param index="1">
              <value>
                <![CDATA[Xx_17051996Xx]]>
              </value>
            </param>
          </params>
          <reporter-output>
          </reporter-output>
        </test-method> <!-- tC06_InternshipOK -->
        <test-method is-config="true" signature="tearDownTest()[pri:0, instance:tests.TC06_InternshipOK@74e28667]" started-at="2023-09-03T01:29:59 EEST" name="tearDownTest" finished-at="2023-09-03T01:30:00 EEST" duration-ms="380" status="PASS">
          <reporter-output>
          </reporter-output>
        </test-method> <!-- tearDownTest -->
      </class> <!-- tests.TC06_InternshipOK -->
      <class name="tests.TC04_ManualGuideOK">
        <test-method is-config="true" signature="setUpTest(java.lang.String)[pri:0, instance:tests.TC04_ManualGuideOK@74d1dc36]" started-at="2023-09-03T01:25:21 EEST" name="setUpTest" finished-at="2023-09-03T01:25:23 EEST" duration-ms="1364" status="PASS">
          <params>
            <param index="0">
              <value>
                <![CDATA[Chrome]]>
              </value>
            </param>
          </params>
          <reporter-output>
          </reporter-output>
        </test-method> <!-- setUpTest -->
        <test-method signature="tC04_ManualGuideOK(java.lang.String,java.lang.String)[pri:0, instance:tests.TC04_ManualGuideOK@74d1dc36]" started-at="2023-09-03T01:27:27 EEST" name="tC04_ManualGuideOK" finished-at="2023-09-03T01:27:41 EEST" duration-ms="13786" status="FAIL">
          <params>
            <param index="0">
              <value>
                <![CDATA[it144353]]>
              </value>
            </param>
            <param index="1">
              <value>
                <![CDATA[Xx_17051996Xx]]>
              </value>
            </param>
          </params>
          <exception class="org.openqa.selenium.NoSuchElementException">
            <message>
              <![CDATA[no such element: Unable to locate element: {"method":"link text","selector":"Εγχειρίδιο χρήσης"}
  (Session info: chrome=116.0.5845.141)
For documentation on this error, please visit: https://www.selenium.dev/documentation/webdriver/troubleshooting/errors#no-such-element-exception
Build info: version: '4.11.0', revision: '040bc5406b'
System info: os.name: 'Windows 10', os.arch: 'amd64', os.version: '10.0', java.version: '16.0.1'
Driver info: org.openqa.selenium.chrome.ChromeDriver
Command: [bccbcf68e886b2f93394e25c6d7184ae, findElement {using=link text, value=Εγχειρίδιο χρήσης}]
Capabilities {acceptInsecureCerts: false, browserName: chrome, browserVersion: 116.0.5845.141, chrome: {chromedriverVersion: 116.0.5845.96 (1a3918166880..., userDataDir: C:\Users\choul\AppData\Loca...}, fedcm:accounts: true, goog:chromeOptions: {debuggerAddress: localhost:63260}, networkConnectionEnabled: false, pageLoadStrategy: normal, platformName: windows, proxy: Proxy(), se:cdp: ws://localhost:63260/devtoo..., se:cdpVersion: 116.0.5845.141, setWindowRect: true, strictFileInteractability: false, timeouts: {implicit: 0, pageLoad: 300000, script: 30000}, unhandledPromptBehavior: dismiss and notify, webauthn:extension:credBlob: true, webauthn:extension:largeBlob: true, webauthn:extension:minPinLength: true, webauthn:extension:prf: true, webauthn:virtualAuthenticators: true}
Session ID: bccbcf68e886b2f93394e25c6d7184ae]]>
            </message>
            <full-stacktrace>
              <![CDATA[org.openqa.selenium.NoSuchElementException: no such element: Unable to locate element: {"method":"link text","selector":"Εγχειρίδιο χρήσης"}
  (Session info: chrome=116.0.5845.141)
For documentation on this error, please visit: https://www.selenium.dev/documentation/webdriver/troubleshooting/errors#no-such-element-exception
Build info: version: '4.11.0', revision: '040bc5406b'
System info: os.name: 'Windows 10', os.arch: 'amd64', os.version: '10.0', java.version: '16.0.1'
Driver info: org.openqa.selenium.chrome.ChromeDriver
Command: [bccbcf68e886b2f93394e25c6d7184ae, findElement {using=link text, value=Εγχειρίδιο χρήσης}]
Capabilities {acceptInsecureCerts: false, browserName: chrome, browserVersion: 116.0.5845.141, chrome: {chromedriverVersion: 116.0.5845.96 (1a3918166880..., userDataDir: C:\Users\choul\AppData\Loca...}, fedcm:accounts: true, goog:chromeOptions: {debuggerAddress: localhost:63260}, networkConnectionEnabled: false, pageLoadStrategy: normal, platformName: windows, proxy: Proxy(), se:cdp: ws://localhost:63260/devtoo..., se:cdpVersion: 116.0.5845.141, setWindowRect: true, strictFileInteractability: false, timeouts: {implicit: 0, pageLoad: 300000, script: 30000}, unhandledPromptBehavior: dismiss and notify, webauthn:extension:credBlob: true, webauthn:extension:largeBlob: true, webauthn:extension:minPinLength: true, webauthn:extension:prf: true, webauthn:virtualAuthenticators: true}
Session ID: bccbcf68e886b2f93394e25c6d7184ae
at java.base/jdk.internal.reflect.NativeConstructorAccessorImpl.newInstance0(Native Method)
at java.base/jdk.internal.reflect.NativeConstructorAccessorImpl.newInstance(NativeConstructorAccessorImpl.java:78)
at java.base/jdk.internal.reflect.DelegatingConstructorAccessorImpl.newInstance(DelegatingConstructorAccessorImpl.java:45)
at java.base/java.lang.reflect.Constructor.newInstanceWithCaller(Constructor.java:499)
at java.base/java.lang.reflect.Constructor.newInstance(Constructor.java:480)
at org.openqa.selenium.remote.codec.w3c.W3CHttpResponseCodec.createException(W3CHttpResponseCodec.java:200)
at org.openqa.selenium.remote.codec.w3c.W3CHttpResponseCodec.decode(W3CHttpResponseCodec.java:133)
at org.openqa.selenium.remote.codec.w3c.W3CHttpResponseCodec.decode(W3CHttpResponseCodec.java:52)
at org.openqa.selenium.remote.HttpCommandExecutor.execute(HttpCommandExecutor.java:191)
at org.openqa.selenium.remote.service.DriverCommandExecutor.invokeExecute(DriverCommandExecutor.java:196)
at org.openqa.selenium.remote.service.DriverCommandExecutor.execute(DriverCommandExecutor.java:171)
at org.openqa.selenium.remote.RemoteWebDriver.execute(RemoteWebDriver.java:518)
at org.openqa.selenium.remote.ElementLocation$ElementFinder$2.findElement(ElementLocation.java:165)
at org.openqa.selenium.remote.ElementLocation.findElement(ElementLocation.java:59)
at org.openqa.selenium.remote.RemoteWebDriver.findElement(RemoteWebDriver.java:355)
at org.openqa.selenium.remote.RemoteWebDriver.findElement(RemoteWebDriver.java:349)
at tests.TC04_ManualGuideOK.tC04_ManualGuideOK(TC04_ManualGuideOK.java:120)
at java.base/jdk.internal.reflect.NativeMethodAccessorImpl.invoke0(Native Method)
at java.base/jdk.internal.reflect.NativeMethodAccessorImpl.invoke(NativeMethodAccessorImpl.java:78)
at java.base/jdk.internal.reflect.DelegatingMethodAccessorImpl.invoke(DelegatingMethodAccessorImpl.java:43)
at java.base/java.lang.reflect.Method.invoke(Method.java:567)
at org.testng.internal.invokers.MethodInvocationHelper.invokeMethod(MethodInvocationHelper.java:139)
at org.testng.internal.invokers.TestInvoker.invokeMethod(TestInvoker.java:677)
at org.testng.internal.invokers.TestInvoker.invokeTestMethod(TestInvoker.java:221)
at org.testng.internal.invokers.MethodRunner.runInSequence(MethodRunner.java:50)
at org.testng.internal.invokers.TestInvoker$MethodInvocationAgent.invoke(TestInvoker.java:969)
at org.testng.internal.invokers.TestInvoker.invokeTestMethods(TestInvoker.java:194)
at org.testng.internal.invokers.TestMethodWorker.invokeTestMethods(TestMethodWorker.java:148)
at org.testng.internal.invokers.TestMethodWorker.run(TestMethodWorker.java:128)
at java.base/java.util.ArrayList.forEach(ArrayList.java:1511)
at org.testng.TestRunner.privateRun(TestRunner.java:829)
at org.testng.TestRunner.run(TestRunner.java:602)
at org.testng.SuiteRunner.runTest(SuiteRunner.java:437)
at org.testng.SuiteRunner.runSequentially(SuiteRunner.java:431)
at org.testng.SuiteRunner.privateRun(SuiteRunner.java:391)
at org.testng.SuiteRunner.run(SuiteRunner.java:330)
at org.testng.SuiteRunnerWorker.runSuite(SuiteRunnerWorker.java:52)
at org.testng.SuiteRunnerWorker.run(SuiteRunnerWorker.java:95)
at org.testng.TestNG.runSuitesSequentially(TestNG.java:1256)
at org.testng.TestNG.runSuitesLocally(TestNG.java:1176)
at org.testng.TestNG.runSuites(TestNG.java:1099)
at org.testng.TestNG.run(TestNG.java:1067)
at org.testng.remote.AbstractRemoteTestNG.run(AbstractRemoteTestNG.java:115)
at org.testng.remote.RemoteTestNG.initAndRun(RemoteTestNG.java:251)
at org.testng.remote.RemoteTestNG.main(RemoteTestNG.java:77)
]]>
            </full-stacktrace>
          </exception> <!-- org.openqa.selenium.NoSuchElementException -->
          <reporter-output>
          </reporter-output>
        </test-method> <!-- tC04_ManualGuideOK -->
        <test-method is-config="true" signature="tearDownTest()[pri:0, instance:tests.TC04_ManualGuideOK@74d1dc36]" started-at="2023-09-03T01:29:59 EEST" name="tearDownTest" finished-at="2023-09-03T01:29:59 EEST" duration-ms="233" status="PASS">
          <reporter-output>
          </reporter-output>
        </test-method> <!-- tearDownTest -->
      </class> <!-- tests.TC04_ManualGuideOK -->
      <class name="tests.TC03_ChangeLanguageOK">
        <test-method is-config="true" signature="setUpTest(java.lang.String)[pri:0, instance:tests.TC03_ChangeLanguageOK@75d3a5e0]" started-at="2023-09-03T01:25:20 EEST" name="setUpTest" finished-at="2023-09-03T01:25:21 EEST" duration-ms="841" status="PASS">
          <params>
            <param index="0">
              <value>
                <![CDATA[Chrome]]>
              </value>
            </param>
          </params>
          <reporter-output>
          </reporter-output>
        </test-method> <!-- setUpTest -->
        <test-method signature="tC03_ChangeLanguageOK(java.lang.String,java.lang.String)[pri:0, instance:tests.TC03_ChangeLanguageOK@75d3a5e0]" started-at="2023-09-03T01:27:09 EEST" name="tC03_ChangeLanguageOK" finished-at="2023-09-03T01:27:27 EEST" duration-ms="17863" status="PASS">
          <params>
            <param index="0">
              <value>
                <![CDATA[it144353]]>
              </value>
            </param>
            <param index="1">
              <value>
                <![CDATA[Xx_17051996Xx]]>
              </value>
            </param>
          </params>
          <reporter-output>
          </reporter-output>
        </test-method> <!-- tC03_ChangeLanguageOK -->
        <test-method is-config="true" signature="tearDownTest()[pri:0, instance:tests.TC03_ChangeLanguageOK@75d3a5e0]" started-at="2023-09-03T01:29:58 EEST" name="tearDownTest" finished-at="2023-09-03T01:29:59 EEST" duration-ms="325" status="PASS">
          <reporter-output>
          </reporter-output>
        </test-method> <!-- tearDownTest -->
      </class> <!-- tests.TC03_ChangeLanguageOK -->
      <class name="tests.TC08_Exams_ExamsCalendarOK">
        <test-method is-config="true" signature="setUpTest(java.lang.String)[pri:0, instance:tests.TC08_Exams_ExamsCalendarOK@663c9e7a]" started-at="2023-09-03T01:25:26 EEST" name="setUpTest" finished-at="2023-09-03T01:25:27 EEST" duration-ms="949" status="PASS">
          <params>
            <param index="0">
              <value>
                <![CDATA[Chrome]]>
              </value>
            </param>
          </params>
          <reporter-output>
          </reporter-output>
        </test-method> <!-- setUpTest -->
        <test-method signature="tC08_Exams_ExamsCalendarOK(java.lang.String,java.lang.String)[pri:0, instance:tests.TC08_Exams_ExamsCalendarOK@663c9e7a]" started-at="2023-09-03T01:28:41 EEST" name="tC08_Exams_ExamsCalendarOK" finished-at="2023-09-03T01:29:08 EEST" duration-ms="26403" status="FAIL">
          <params>
            <param index="0">
              <value>
                <![CDATA[it144353]]>
              </value>
            </param>
            <param index="1">
              <value>
                <![CDATA[Xx_17051996Xx]]>
              </value>
            </param>
          </params>
          <exception class="java.lang.AssertionError">
            <full-stacktrace>
              <![CDATA[java.lang.AssertionError
at tests.TC08_Exams_ExamsCalendarOK.tC08_Exams_ExamsCalendarOK(TC08_Exams_ExamsCalendarOK.java:195)
at java.base/jdk.internal.reflect.NativeMethodAccessorImpl.invoke0(Native Method)
at java.base/jdk.internal.reflect.NativeMethodAccessorImpl.invoke(NativeMethodAccessorImpl.java:78)
at java.base/jdk.internal.reflect.DelegatingMethodAccessorImpl.invoke(DelegatingMethodAccessorImpl.java:43)
at java.base/java.lang.reflect.Method.invoke(Method.java:567)
at org.testng.internal.invokers.MethodInvocationHelper.invokeMethod(MethodInvocationHelper.java:139)
at org.testng.internal.invokers.TestInvoker.invokeMethod(TestInvoker.java:677)
at org.testng.internal.invokers.TestInvoker.invokeTestMethod(TestInvoker.java:221)
at org.testng.internal.invokers.MethodRunner.runInSequence(MethodRunner.java:50)
at org.testng.internal.invokers.TestInvoker$MethodInvocationAgent.invoke(TestInvoker.java:969)
at org.testng.internal.invokers.TestInvoker.invokeTestMethods(TestInvoker.java:194)
at org.testng.internal.invokers.TestMethodWorker.invokeTestMethods(TestMethodWorker.java:148)
at org.testng.internal.invokers.TestMethodWorker.run(TestMethodWorker.java:128)
at java.base/java.util.ArrayList.forEach(ArrayList.java:1511)
at org.testng.TestRunner.privateRun(TestRunner.java:829)
at org.testng.TestRunner.run(TestRunner.java:602)
at org.testng.SuiteRunner.runTest(SuiteRunner.java:437)
at org.testng.SuiteRunner.runSequentially(SuiteRunner.java:431)
at org.testng.SuiteRunner.privateRun(SuiteRunner.java:391)
at org.testng.SuiteRunner.run(SuiteRunner.java:330)
at org.testng.SuiteRunnerWorker.runSuite(SuiteRunnerWorker.java:52)
at org.testng.SuiteRunnerWorker.run(SuiteRunnerWorker.java:95)
at org.testng.TestNG.runSuitesSequentially(TestNG.java:1256)
at org.testng.TestNG.runSuitesLocally(TestNG.java:1176)
at org.testng.TestNG.runSuites(TestNG.java:1099)
at org.testng.TestNG.run(TestNG.java:1067)
at org.testng.remote.AbstractRemoteTestNG.run(AbstractRemoteTestNG.java:115)
at org.testng.remote.RemoteTestNG.initAndRun(RemoteTestNG.java:251)
at org.testng.remote.RemoteTestNG.main(RemoteTestNG.java:77)
]]>
            </full-stacktrace>
          </exception> <!-- java.lang.AssertionError -->
          <reporter-output>
          </reporter-output>
        </test-method> <!-- tC08_Exams_ExamsCalendarOK -->
        <test-method is-config="true" signature="tearDownTest()[pri:0, instance:tests.TC08_Exams_ExamsCalendarOK@663c9e7a]" started-at="2023-09-03T01:30:00 EEST" name="tearDownTest" finished-at="2023-09-03T01:30:00 EEST" duration-ms="293" status="PASS">
          <reporter-output>
          </reporter-output>
        </test-method> <!-- tearDownTest -->
      </class> <!-- tests.TC08_Exams_ExamsCalendarOK -->
      <class name="tests.TC07_Grades_AllGradesDropDownMenuOK">
        <test-method is-config="true" signature="setUpTest(java.lang.String)[pri:0, instance:tests.TC07_Grades_AllGradesDropDownMenuOK@1cf6d1be]" started-at="2023-09-03T01:25:25 EEST" name="setUpTest" finished-at="2023-09-03T01:25:26 EEST" duration-ms="965" status="PASS">
          <params>
            <param index="0">
              <value>
                <![CDATA[Chrome]]>
              </value>
            </param>
          </params>
          <reporter-output>
          </reporter-output>
        </test-method> <!-- setUpTest -->
        <test-method signature="tC01LogInCorrectUsernameCorrectPasswordOK(java.lang.String,java.lang.String)[pri:0, instance:tests.TC07_Grades_AllGradesDropDownMenuOK@1cf6d1be]" started-at="2023-09-03T01:28:11 EEST" name="tC01LogInCorrectUsernameCorrectPasswordOK" finished-at="2023-09-03T01:28:41 EEST" duration-ms="29778" status="PASS">
          <params>
            <param index="0">
              <value>
                <![CDATA[it144353]]>
              </value>
            </param>
            <param index="1">
              <value>
                <![CDATA[Xx_17051996Xx]]>
              </value>
            </param>
          </params>
          <reporter-output>
          </reporter-output>
        </test-method> <!-- tC01LogInCorrectUsernameCorrectPasswordOK -->
        <test-method is-config="true" signature="tearDownTest()[pri:0, instance:tests.TC07_Grades_AllGradesDropDownMenuOK@1cf6d1be]" started-at="2023-09-03T01:30:00 EEST" name="tearDownTest" finished-at="2023-09-03T01:30:00 EEST" duration-ms="330" status="PASS">
          <reporter-output>
          </reporter-output>
        </test-method> <!-- tearDownTest -->
      </class> <!-- tests.TC07_Grades_AllGradesDropDownMenuOK -->
      <class name="tests.TC10_LogInWithoutEnteringUsernameKO">
        <test-method is-config="true" signature="setUpTest(java.lang.String)[pri:0, instance:tests.TC10_LogInWithoutEnteringUsernameKO@795509d9]" started-at="2023-09-03T01:25:27 EEST" name="setUpTest" finished-at="2023-09-03T01:25:29 EEST" duration-ms="1109" status="PASS">
          <params>
            <param index="0">
              <value>
                <![CDATA[Chrome]]>
              </value>
            </param>
          </params>
          <reporter-output>
          </reporter-output>
        </test-method> <!-- setUpTest -->
        <test-method signature="tC10_LogInWithoutEnteringUsernameKO(java.lang.String,java.lang.String)[pri:0, instance:tests.TC10_LogInWithoutEnteringUsernameKO@795509d9]" started-at="2023-09-03T01:29:18 EEST" name="tC10_LogInWithoutEnteringUsernameKO" finished-at="2023-09-03T01:29:27 EEST" duration-ms="9715" status="PASS">
          <params>
            <param index="0">
              <value>
                <![CDATA[]]>
              </value>
            </param>
            <param index="1">
              <value>
                <![CDATA[Xx_17051996Xx]]>
              </value>
            </param>
          </params>
          <reporter-output>
          </reporter-output>
        </test-method> <!-- tC10_LogInWithoutEnteringUsernameKO -->
        <test-method is-config="true" signature="tearDownTest()[pri:0, instance:tests.TC10_LogInWithoutEnteringUsernameKO@795509d9]" started-at="2023-09-03T01:30:01 EEST" name="tearDownTest" finished-at="2023-09-03T01:30:01 EEST" duration-ms="230" status="PASS">
          <reporter-output>
          </reporter-output>
        </test-method> <!-- tearDownTest -->
      </class> <!-- tests.TC10_LogInWithoutEnteringUsernameKO -->
      <class name="tests.TC11_LogInWithoutEnteringPasswordKO">
        <test-method is-config="true" signature="setUpTest(java.lang.String)[pri:0, instance:tests.TC11_LogInWithoutEnteringPasswordKO@53045c6c]" started-at="2023-09-03T01:25:29 EEST" name="setUpTest" finished-at="2023-09-03T01:25:30 EEST" duration-ms="1015" status="PASS">
          <params>
            <param index="0">
              <value>
                <![CDATA[Chrome]]>
              </value>
            </param>
          </params>
          <reporter-output>
          </reporter-output>
        </test-method> <!-- setUpTest -->
        <test-method signature="tC11_LogInWithoutEnteringPasswordKO(java.lang.String,java.lang.String)[pri:0, instance:tests.TC11_LogInWithoutEnteringPasswordKO@53045c6c]" started-at="2023-09-03T01:29:27 EEST" name="tC11_LogInWithoutEnteringPasswordKO" finished-at="2023-09-03T01:29:37 EEST" duration-ms="9838" status="PASS">
          <params>
            <param index="0">
              <value>
                <![CDATA[it144353]]>
              </value>
            </param>
            <param index="1">
              <value>
                <![CDATA[]]>
              </value>
            </param>
          </params>
          <reporter-output>
          </reporter-output>
        </test-method> <!-- tC11_LogInWithoutEnteringPasswordKO -->
        <test-method is-config="true" signature="tearDownTest()[pri:0, instance:tests.TC11_LogInWithoutEnteringPasswordKO@53045c6c]" started-at="2023-09-03T01:30:01 EEST" name="tearDownTest" finished-at="2023-09-03T01:30:01 EEST" duration-ms="292" status="PASS">
          <reporter-output>
          </reporter-output>
        </test-method> <!-- tearDownTest -->
      </class> <!-- tests.TC11_LogInWithoutEnteringPasswordKO -->
      <class name="tests.TC02_LogOutOK">
        <test-method is-config="true" signature="setUpTest(java.lang.String)[pri:0, instance:tests.TC02_LogOutOK@2034b64c]" started-at="2023-09-03T01:25:19 EEST" name="setUpTest" finished-at="2023-09-03T01:25:20 EEST" duration-ms="877" status="PASS">
          <params>
            <param index="0">
              <value>
                <![CDATA[Chrome]]>
              </value>
            </param>
          </params>
          <reporter-output>
          </reporter-output>
        </test-method> <!-- setUpTest -->
        <test-method signature="tC02_LogOutOK(java.lang.String,java.lang.String)[pri:0, instance:tests.TC02_LogOutOK@2034b64c]" started-at="2023-09-03T01:25:55 EEST" name="tC02_LogOutOK" finished-at="2023-09-03T01:27:09 EEST" duration-ms="74250" status="PASS">
          <params>
            <param index="0">
              <value>
                <![CDATA[it144353]]>
              </value>
            </param>
            <param index="1">
              <value>
                <![CDATA[Xx_17051996Xx]]>
              </value>
            </param>
          </params>
          <reporter-output>
          </reporter-output>
        </test-method> <!-- tC02_LogOutOK -->
        <test-method is-config="true" signature="tearDownTest()[pri:0, instance:tests.TC02_LogOutOK@2034b64c]" started-at="2023-09-03T01:29:58 EEST" name="tearDownTest" finished-at="2023-09-03T01:29:58 EEST" duration-ms="363" status="PASS">
          <reporter-output>
          </reporter-output>
        </test-method> <!-- tearDownTest -->
      </class> <!-- tests.TC02_LogOutOK -->
      <class name="tests.TC05_PersonalDataOK">
        <test-method is-config="true" signature="setUpTest(java.lang.String)[pri:0, instance:tests.TC05_PersonalDataOK@7161d8d1]" started-at="2023-09-03T01:25:23 EEST" name="setUpTest" finished-at="2023-09-03T01:25:24 EEST" duration-ms="999" status="PASS">
          <params>
            <param index="0">
              <value>
                <![CDATA[Chrome]]>
              </value>
            </param>
          </params>
          <reporter-output>
          </reporter-output>
        </test-method> <!-- setUpTest -->
        <test-method signature="tC05_PersonalDataOK(java.lang.String,java.lang.String)[pri:0, instance:tests.TC05_PersonalDataOK@7161d8d1]" started-at="2023-09-03T01:27:41 EEST" name="tC05_PersonalDataOK" finished-at="2023-09-03T01:27:58 EEST" duration-ms="17033" status="PASS">
          <params>
            <param index="0">
              <value>
                <![CDATA[it144353]]>
              </value>
            </param>
            <param index="1">
              <value>
                <![CDATA[Xx_17051996Xx]]>
              </value>
            </param>
          </params>
          <reporter-output>
          </reporter-output>
        </test-method> <!-- tC05_PersonalDataOK -->
        <test-method is-config="true" signature="tearDownTest()[pri:0, instance:tests.TC05_PersonalDataOK@7161d8d1]" started-at="2023-09-03T01:29:59 EEST" name="tearDownTest" finished-at="2023-09-03T01:29:59 EEST" duration-ms="318" status="PASS">
          <reporter-output>
          </reporter-output>
        </test-method> <!-- tearDownTest -->
      </class> <!-- tests.TC05_PersonalDataOK -->
      <class name="tests.TC13_LogInWithCorrectUsernameWrongPasswordKO">
        <test-method is-config="true" signature="setUpTest(java.lang.String)[pri:0, instance:tests.TC13_LogInWithCorrectUsernameWrongPasswordKO@6bbe85a8]" started-at="2023-09-03T01:25:31 EEST" name="setUpTest" finished-at="2023-09-03T01:25:32 EEST" duration-ms="1014" status="PASS">
          <params>
            <param index="0">
              <value>
                <![CDATA[Chrome]]>
              </value>
            </param>
          </params>
          <reporter-output>
          </reporter-output>
        </test-method> <!-- setUpTest -->
        <test-method signature="tC13_LogInWithCorrectUsernameWrongPasswordKO(java.lang.String,java.lang.String)[pri:0, instance:tests.TC13_LogInWithCorrectUsernameWrongPasswordKO@6bbe85a8]" started-at="2023-09-03T01:29:44 EEST" name="tC13_LogInWithCorrectUsernameWrongPasswordKO" finished-at="2023-09-03T01:29:57 EEST" duration-ms="13265" status="PASS">
          <params>
            <param index="0">
              <value>
                <![CDATA[it144353]]>
              </value>
            </param>
            <param index="1">
              <value>
                <![CDATA[awrongpassword]]>
              </value>
            </param>
          </params>
          <reporter-output>
          </reporter-output>
        </test-method> <!-- tC13_LogInWithCorrectUsernameWrongPasswordKO -->
        <test-method is-config="true" signature="tearDownTest()[pri:0, instance:tests.TC13_LogInWithCorrectUsernameWrongPasswordKO@6bbe85a8]" started-at="2023-09-03T01:30:01 EEST" name="tearDownTest" finished-at="2023-09-03T01:30:02 EEST" duration-ms="314" status="PASS">
          <reporter-output>
          </reporter-output>
        </test-method> <!-- tearDownTest -->
      </class> <!-- tests.TC13_LogInWithCorrectUsernameWrongPasswordKO -->
      <class name="tests.TC12_LogInWithWrongUsernameCorrectPasswordKO">
        <test-method is-config="true" signature="setUpTest(java.lang.String)[pri:0, instance:tests.TC12_LogInWithWrongUsernameCorrectPasswordKO@5149d738]" started-at="2023-09-03T01:25:30 EEST" name="setUpTest" finished-at="2023-09-03T01:25:31 EEST" duration-ms="950" status="PASS">
          <params>
            <param index="0">
              <value>
                <![CDATA[Chrome]]>
              </value>
            </param>
          </params>
          <reporter-output>
          </reporter-output>
        </test-method> <!-- setUpTest -->
        <test-method signature="tC12_LogInWithWrongUsernameCorrectPasswordKO(java.lang.String,java.lang.String)[pri:0, instance:tests.TC12_LogInWithWrongUsernameCorrectPasswordKO@5149d738]" started-at="2023-09-03T01:29:37 EEST" name="tC12_LogInWithWrongUsernameCorrectPasswordKO" finished-at="2023-09-03T01:29:44 EEST" duration-ms="6931" status="PASS">
          <params>
            <param index="0">
              <value>
                <![CDATA[awrongusername]]>
              </value>
            </param>
            <param index="1">
              <value>
                <![CDATA[Xx_17051996Xx]]>
              </value>
            </param>
          </params>
          <reporter-output>
          </reporter-output>
        </test-method> <!-- tC12_LogInWithWrongUsernameCorrectPasswordKO -->
        <test-method is-config="true" signature="tearDownTest()[pri:0, instance:tests.TC12_LogInWithWrongUsernameCorrectPasswordKO@5149d738]" started-at="2023-09-03T01:30:01 EEST" name="tearDownTest" finished-at="2023-09-03T01:30:01 EEST" duration-ms="267" status="PASS">
          <reporter-output>
          </reporter-output>
        </test-method> <!-- tearDownTest -->
      </class> <!-- tests.TC12_LogInWithWrongUsernameCorrectPasswordKO -->
    </test> <!-- Test -->
  </suite> <!-- Suite -->
</testng-results>
